<?xml version="1.0" encoding="UTF-8"?>
<testng-results skipped="0" failed="0" total="1" passed="1">
  <reporter-output>
  </reporter-output>
  <suite name="Default suite" duration-ms="36265" started-at="2018-06-27T09:44:13Z" finished-at="2018-06-27T09:44:50Z">
    <groups>
    </groups>
    <test name="Default test" duration-ms="36265" started-at="2018-06-27T09:44:13Z" finished-at="2018-06-27T09:44:50Z">
      <class name="com.main.test.AddHostel">
        <test-method status="PASS" signature="mainTest()[pri:0, instance:com.main.test.AddHostel@3abbfa04]" name="mainTest" duration-ms="36243" started-at="2018-06-27T15:14:13Z" finished-at="2018-06-27T15:14:50Z">
          <reporter-output>
          </reporter-output>
        </test-method> <!-- mainTest -->
      </class> <!-- com.main.test.AddHostel -->
    </test> <!-- Default test -->
  </suite> <!-- Default suite -->
</testng-results>
